0:100  0:100  MemLog inited, TSC freq: 3696518920
0:100  0:000  CPU was calibrated with RTC
0:100  0:000  
0:100  0:000  Now is 2.2.2019,  11:13:31 (GMT)
0:100  0:000  Starting Clover revision: 4769 on American Megatrends EFI
0:100  0:000  Build with: [Args: -mc --no-usb -D NO_GRUB_DRIVERS_EMBEDDED -t XCODE8 | -D DISABLE_USB_SUPPORT -D NO_GRUB_DRIVERS_EMBEDDED --conf=/Users/macman/src/edk2/Conf -D USE_BIOS_BLOCKIO -D USE_LOW_EBDA -a X64 -b RELEASE -t XCODE8 -n 9 | OS: 10.13.6 | XCODE: 10.1]
0:100  0:000  SelfDevicePath=PciRoot(0x0)\Pci(0x17,0x0)\Sata(0x3,0xFFFF,0x0)\HD(1,GPT,1BA25D28-D568-4EDB-AF0B-217A75FC33DF,0x800,0x12C000) @8A56DA98
0:100  0:000  SelfDirPath = \EFI\BOOT
0:102  0:001  === [ Get Smbios ] ========================================
0:102  0:000  Type 16 Index = 0
0:102  0:000  Total Memory Slots Count = 4
0:102  0:000  Type 17 Index = 0
0:102  0:000  Ignoring insane frequency value 0MHz
0:102  0:000  SmbiosTable.Type17->Speed = 0MHz
0:102  0:000  SmbiosTable.Type17->Size = 0MB
0:102  0:000  SmbiosTable.Type17->Bank/Device = BANK 0 ChannelA-DIMM1
0:102  0:000  SmbiosTable.Type17->Vendor = <null string>
0:102  0:000  SmbiosTable.Type17->SerialNumber = <null string>
0:102  0:000  SmbiosTable.Type17->PartNumber = <null string>
0:102  0:000  Type 17 Index = 1
0:102  0:000  SmbiosTable.Type17->Speed = 2400MHz
0:102  0:000  SmbiosTable.Type17->Size = 8192MB
0:102  0:000  SmbiosTable.Type17->Bank/Device = BANK 1 ChannelA-DIMM2
0:102  0:000  SmbiosTable.Type17->Vendor = Kingston
0:102  0:000  SmbiosTable.Type17->SerialNumber = 1145330D
0:102  0:000  SmbiosTable.Type17->PartNumber = KHX3000C15D4/8GX    
0:102  0:000  Type 17 Index = 2
0:102  0:000  Ignoring insane frequency value 0MHz
0:102  0:000  SmbiosTable.Type17->Speed = 0MHz
0:102  0:000  SmbiosTable.Type17->Size = 0MB
0:102  0:000  SmbiosTable.Type17->Bank/Device = BANK 2 ChannelB-DIMM1
0:102  0:000  SmbiosTable.Type17->Vendor = <null string>
0:102  0:000  SmbiosTable.Type17->SerialNumber = <null string>
0:102  0:000  SmbiosTable.Type17->PartNumber = <null string>
0:102  0:000  Type 17 Index = 3
0:102  0:000  SmbiosTable.Type17->Speed = 2400MHz
0:102  0:000  SmbiosTable.Type17->Size = 8192MB
0:102  0:000  SmbiosTable.Type17->Bank/Device = BANK 3 ChannelB-DIMM2
0:102  0:000  SmbiosTable.Type17->Vendor = Kingston
0:102  0:000  SmbiosTable.Type17->SerialNumber = 0D1809E6
0:102  0:000  SmbiosTable.Type17->PartNumber = KHX3000C15D4/8GX    
0:102  0:000  Boot status=0
0:102  0:000  Running on: 'System Product Name' with board 'PRIME Z370-A'
0:102  0:000  === [ GetCPUProperties ] ==================================
0:102  0:000  CPU Vendor = 756E6547 Model=906EA
0:102  0:000   The CPU supported SSE4.1
0:102  0:000  BrandString = Intel(R) Core(TM) i7-8700K CPU @ 3.70GHz
0:102  0:000   The CPU supported turbo
0:102  0:000  MSR 0x35               6000C
0:102  0:000   TSC/CCC Information Leaf:
0:102  0:000    numerator     : 308
0:102  0:000    denominator   : 2
0:102  0:000   Calibrated ARTFrequency: 24003369
0:102  0:000  MSR 0xE2 before patch 1E000000
0:102  0:000  MSR 0xCE              08080838_F1012500
0:102  0:000  corrected FLEX_RATIO = E0000
0:102  0:000  MSR 0x1B0             00000000
0:102  0:000  FSBFrequency = 100 MHz, DMI FSBFrequency = 100 MHz, Corrected FSBFrequency = 100 MHz
0:102  0:000  MaxDiv/MinDiv: 37.0/8
0:102  0:000  Turbo: 44/47/47/47
0:102  0:000  Features: 0xBFEBFBFF
0:102  0:000  Threads: 12
0:102  0:000  Cores: 6
0:102  0:000  FSB: 100 MHz
0:102  0:000  CPU: 3700 MHz
0:102  0:000  TSC: 3700 MHz
0:102  0:000  PIS: 100 MHz
0:102  0:000  ExternalClock: 25 MHz
0:102  0:000  === [ GetDevices ] ========================================
0:102  0:000  PCI (00|00:00.00) : 8086 3EC2 class=060000
0:102  0:000  PCI (00|00:02.00) : 8086 3E92 class=030000
0:102  0:000   - GFX: Model=Intel UHD Graphics 630 (Intel)
0:102  0:000  PCI (00|00:14.00) : 8086 A2AF class=0C0330
0:102  0:000  PCI (00|00:16.00) : 8086 A2BA class=078000
0:102  0:000  PCI (00|00:17.00) : 8086 A282 class=010601
0:102  0:000  PCI (00|00:1B.00) : 8086 A2E7 class=060400
0:102  0:000  PCI (00|00:1C.00) : 8086 A290 class=060400
0:102  0:000  PCI (00|00:1C.04) : 8086 A294 class=060400
0:102  0:000  PCI (00|03:00.00) : 1B21 2142 class=0C0330
0:102  0:000  PCI (00|00:1D.00) : 8086 A298 class=060400
0:102  0:000  PCI (00|04:00.00) : 144D A804 class=010802
0:102  0:000  PCI (00|00:1F.00) : 8086 A2C9 class=060100
0:102  0:000  PCI (00|00:1F.02) : 8086 A2A1 class=058000
0:102  0:000  PCI (00|00:1F.03) : 8086 A2F0 class=040300
0:102  0:000  PCI (00|00:1F.04) : 8086 A2A3 class=0C0500
0:102  0:000  PCI (00|00:1F.06) : 8086 15B8 class=020000
0:102  0:000   - LAN: 0 Vendor=Intel
0:102  0:000  === [ GetDefaultSettings ] ================================
0:102  0:000  Clover load options size = 0 bytes
0:108  0:006  EFI\CLOVER\config.plist loaded: Success
0:108  0:000  === [ GetListOfThemes ] ===================================
0:109  0:001  - [00]: tonymacx86
0:112  0:003  - [01]: random
0:116  0:003  - [01]: embedded
0:120  0:004  === [ Found config plists ] ===============================
0:121  0:001  - config.plist
0:122  0:001  - config-18.plist
0:123  0:001  - config-ori.plist
0:124  0:001  - config-hide.plist
0:125  0:000  === [ GetEarlyUserSettings ] ==============================
0:125  0:000  timeout set to 3
0:125  0:000  Custom boot CUSTOM_BOOT_DISABLED (0x0)
0:136  0:010  KextsToPatch: 4 requested
0:146  0:010   - [00]: AppleAHCIPort (External icons patch) :: BinPatch :: data len: 8
0:188  0:042   - [01]: com.apple.driver.usb.AppleUSBXHCI (Remove USB port limit in XHCI kext) :: MatchOS: 10.14.x :: BinPatch :: data len: 9
0:242  0:053   - [02]: com.apple.driver.usb.AppleUSBXHCI (Remove USB port limit in XHCI kext) :: MatchOS: 10.14.x :: BinPatch :: data len: 9
0:295  0:053   - [03]: com.apple.driver.usb.AppleUSBXHCI (Remove USB port limit in XHCI kext) :: MatchOS: 10.14.x :: BinPatch :: data len: 9
0:348  0:052  Default theme: tonymacx86
0:358  0:010  Hiding entries with string HD(1,GPT,1BA25D28-D568-4EDB-AF0B-217A75FC33DF,0x800,0x12C000)
0:369  0:010  Hiding entries with string Windows
0:380  0:010  Hiding entries with string BOOTX64.EFI
0:390  0:010  Hiding entries with string HD(1,GPT,23A07524-26B6-11E9-9E7D-806E6F6E6963,0x28,0x25A7D8)
0:402  0:011  Hiding entries with string HD(2,GPT,23A07515-26B6-11E9-9E7D-806E6F6E6963,0x25A800,0x1CF69D81)
0:415  0:013  === [ LoadDrivers ] =======================================
0:852  0:436  Loading PartitionDxe-64.efi  status=Success
0:890  0:038   - driver needs connecting
0:901  0:010  Loading DataHubDxe-64.efi  status=Success
0:938  0:037  Loading VBoxHfs-64.efi  status=Success
0:975  0:036   - driver needs connecting
0:986  0:011  Loading FSInject-64.efi  status=Success
1:028  0:041  Loading ApfsDriverLoader-64.efi  status=Success
1:064  0:035   - driver needs connecting
1:074  0:010  Loading SMCHelper-64.efi  status=Success
1:110  0:036  Loading AptioMemoryFix-64.efi  status=Success
1:147  0:037  3 drivers needs connecting ...
1:158  0:010  PlatformDriverOverrideProtocol->GetDriver overriden
1:169  0:010  Partition driver loaded: CD disconnect Success
1:201  0:031  APFS driver loaded
1:212  0:010  Searching for invalid DiskIo BY_DRIVER connects: not found, all ok
1:608  0:396  === [ InitScreen ] ========================================
2:052  0:444  SetScreenResolution: 1920x1080 - setting Mode 4
2:306  0:253  Video mode change to mode #4: Success
2:317  0:010  Console modes reported: 4, available modes:
2:327  0:010   - [01]: 80x25 (current mode)
2:338  0:011   - [02]: 80x50
2:349  0:010   - [03]: 100x31
2:359  0:010   - [04]: 240x56
2:370  0:010  reinit: self device path=PciRoot(0x0)\Pci(0x17,0x0)\Sata(0x3,0xFFFF,0x0)\HD(1,GPT,1BA25D28-D568-4EDB-AF0B-217A75FC33DF,0x800,0x12C000)
2:383  0:012  Using embedded font: Success
2:522  0:139  === [ GetMacAddress ] =====================================
2:934  0:411  === [ ScanSPD ] ===========================================
3:413  0:479  SMBus device : 8086 A2A3 class=0C0500 status=Success
3:423  0:010  SMBus CmdReg: 0x3
3:434  0:010  Scanning SMBus [8086:A2A3], mmio: 0xDF24A004, ioport: 0xF040, hostc: 0x11
3:444  0:010  Slots to scan [8]...
3:456  0:011  SPD[1]: Type 12 @0x51
3:485  0:028  XMP Profile1: 6*125 -84 ns
3:495  0:010  XMP Profile2: 6*125 0 ns
3:506  0:010  Found module with XMP version 2.0
3:517  0:011  DDR speed 2400MHz
3:527  0:010  Slot: 1 Type 26 8192MB 2400MHz Vendor=Kingston PartNo=KHX3000C15D48GX SerialNo=010104050303000D
3:539  0:011  SPD[3]: Type 12 @0x53
3:568  0:028  XMP Profile1: 6*125 -84 ns
3:578  0:010  XMP Profile2: 6*125 0 ns
3:589  0:010  Found module with XMP version 2.0
3:600  0:010  DDR speed 2400MHz
3:611  0:010  Slot: 3 Type 26 8192MB 2400MHz Vendor=Kingston PartNo=KHX3000C15D48GX SerialNo=000D010800090E06
3:622  0:011  === [ GetAcpiTablesList ] =================================
3:996  0:374  Get Acpi Tables List from RSDT:
4:017  0:021   - [00]: FACP  A M I  len=132
4:028  0:010   - [01]: APIC  A M I  len=244
4:038  0:010   - [02]: FPDT  A M I  len=68
4:049  0:011   - [03]: FIDT  A M I len=156
4:060  0:010   - [04]: WSMT  A M I  len=40
4:071  0:010   - [05]: MCFG  A M I  len=60
4:081  0:010   - [06]: SSDT  SataTabl len=931
4:092  0:010   - [07]: SSDT  SaSsdt  len=12355
4:104  0:012   - [08]: HPET  KBL len=56
4:115  0:010   - [09]: SSDT  Ther_Rvp len=4514
4:126  0:010   - [10]: SSDT  xh_rvp08 len=2835
4:137  0:010   - [11]: UEFI  A M I  len=66
4:147  0:010   - [12]: SSDT  CpuSsdt len=6062
4:158  0:010   - [13]: LPIT  KBL len=148
4:169  0:010   - [14]: SSDT  HdaDsp len=321
4:180  0:010   - [15]: SSDT  sensrhub len=671
4:190  0:010   - [16]: SSDT  PtidDevc len=12290
4:201  0:010   - [17]: SSDT  TbtTypeC len=1303
4:212  0:010   - [18]: DBGP   len=52
4:223  0:011   - [19]: DBG2   len=84
4:233  0:010   - [20]: BGRT  A M I  len=56
4:244  0:010  Calibrated TSC Frequency = 3696518920 = 3696MHz
4:255  0:010  === [ GetUserSettings ] ===================================
4:658  0:403  USB FixOwnership: yes
4:669  0:010  Dropping 1 tables:
4:679  0:010   - [00]: Drop table  signature="MATS" (5354414D)
4:764  0:085           - set table: 5354414D,                0 to drop: no
4:785  0:021   - final DSDT Fix mask=00009051
4:796  0:010  PatchesDSDT: 1 requested
4:807  0:010   - [00]: (Rename HDAS to HDEF) lenToFind: 4, lenToReplace: 4, Target Bridge: <null string>
4:860  0:053  Using ProductName from config: iMac14,2
4:871  0:010  Found same BiosVersion in clover and config
4:881  0:010  BiosVersion: IM142.88Z.0131.B00.1809171347
4:892  0:010  BiosReleaseDate: 09/17/2018
4:903  0:010  Using EfiVersion from clover: 133.0.0.0.0
4:914  0:010  Using FirmwareFeatures from clover: 0xE00FE137
4:924  0:010  Using FirmwareFeaturesMask from clover: 0xFF1FFF3F
4:935  0:010  Using PlatformFeature from clover: 0x1
4:948  0:013  === [ Found DSDT tables ] =================================
5:343  0:394  === [ ScanVolumes ] =======================================
5:780  0:437  Found 14 volumes with blockIO
5:791  0:010  - [00]: Volume: PciRoot(0x0)\Pci(0x17,0x0)\Sata(0x1,0xFFFF,0x0)
5:813  0:021          Result of bootcode detection: bootable Linux (grub,linux)
5:824  0:010  - [01]: Volume: PciRoot(0x0)\Pci(0x17,0x0)\Sata(0x2,0xFFFF,0x0)
5:845  0:021          Found optical drive
5:856  0:010  - [02]: Volume: PciRoot(0x0)\Pci(0x17,0x0)\Sata(0x3,0xFFFF,0x0)
5:877  0:021          Result of bootcode detection: bootable unknown (legacy)
5:888  0:010  - [03]: Volume: PciRoot(0x0)\Pci(0x17,0x0)\Sata(0x1,0xFFFF,0x0)\HD(1,MBR,0x5469DB8B,0x800,0x80000000)
5:910  0:021          Result of bootcode detection: bootable Windows (vista,win)
5:921  0:010  - [04]: Volume: PciRoot(0x0)\Pci(0x17,0x0)\Sata(0x1,0xFFFF,0x0)\HD(2,MBR,0x5469DB8B,0x80000800,0x68E06CC1)
5:958  0:037          Result of bootcode detection: bootable Windows (vista,win)
5:969  0:011  - [05]: Volume: PciRoot(0x0)\Pci(0x17,0x0)\Sata(0x3,0xFFFF,0x0)\HD(1,GPT,1BA25D28-D568-4EDB-AF0B-217A75FC33DF,0x800,0x12C000)
5:991  0:021          Result of bootcode detection: bootable Windows (win)
6:005  0:013          hiding this volume
6:016  0:010          This is SelfVolume !!
6:027  0:010  - [06]: Volume: PciRoot(0x0)\Pci(0x17,0x0)\Sata(0x3,0xFFFF,0x0)\HD(2,GPT,D5650163-9026-4393-B715-172786E3BB3E,0x12C800,0x1D099148)
6:049  0:022          Result of bootcode detection: bootable unknown (legacy)
6:059  0:010  - [07]: Volume: PciRoot(0x0)\Pci(0x1D,0x0)\Pci(0x0,0x0)\NVMe(0x1,E8-C1-B2-81-52-38-25-00)
6:081  0:021  - [08]: Volume: PciRoot(0x0)\Pci(0x1D,0x0)\Pci(0x0,0x0)\NVMe(0x1,E8-C1-B2-81-52-38-25-00)\HD(1,GPT,23A07524-26B6-11E9-9E7D-806E6F6E6963,0x28,0x25A7D8)
6:102  0:021          Result of bootcode detection: bootable Windows (win)
6:113  0:010          hiding this volume
6:124  0:010  - [09]: Volume: PciRoot(0x0)\Pci(0x1D,0x0)\Pci(0x0,0x0)\NVMe(0x1,E8-C1-B2-81-52-38-25-00)\HD(2,GPT,23A07515-26B6-11E9-9E7D-806E6F6E6963,0x25A800,0x1CF69D81)
6:145  0:021          Result of bootcode detection: bootable Windows (vista,win)
6:156  0:010          hiding this volume
6:166  0:010  - [10]: Volume: PciRoot(0x0)\Pci(0x17,0x0)\Sata(0x3,0xFFFF,0x0)\HD(2,GPT,D5650163-9026-4393-B715-172786E3BB3E,0x12C800,0x1D099148)\VenMedia(BE74FCF7-0B7C-49F3-9147-01F4042E6842,4FFF79633F698D4B9F28062E01A5759D)
6:187  0:021  - [11]: Volume: PciRoot(0x0)\Pci(0x17,0x0)\Sata(0x3,0xFFFF,0x0)\HD(2,GPT,D5650163-9026-4393-B715-172786E3BB3E,0x12C800,0x1D099148)\VenMedia(BE74FCF7-0B7C-49F3-9147-01F4042E6842,520DD9DBDDDD453D9D9330F5AEC53D28)
6:209  0:021  - [12]: Volume: PciRoot(0x0)\Pci(0x17,0x0)\Sata(0x3,0xFFFF,0x0)\HD(2,GPT,D5650163-9026-4393-B715-172786E3BB3E,0x12C800,0x1D099148)\VenMedia(BE74FCF7-0B7C-49F3-9147-01F4042E6842,72384583AB5DA544AC97156AD7F88CA6)
6:230  0:021  - [13]: Volume: PciRoot(0x0)\Pci(0x17,0x0)\Sata(0x3,0xFFFF,0x0)\HD(2,GPT,D5650163-9026-4393-B715-172786E3BB3E,0x12C800,0x1D099148)\VenMedia(BE74FCF7-0B7C-49F3-9147-01F4042E6842,08A7A7F60F6ED14F9FD94D006BCB6143)
6:252  0:021  === [ InitTheme ] =========================================
6:717  0:464  Using theme 'tonymacx86' (EFI\CLOVER\themes\tonymacx86)
6:728  0:011  Loading font from ThemeDir: Error
6:740  0:012  theme inited
6:751  0:011  Chosen theme tonymacx86
6:762  0:011  after NVRAM boot-args=dart=0
6:773  0:010  === [ Dump SMC keys from NVRAM ] ==========================
7:083  0:309  found AppleSMC protocol
7:192  0:108  Registered 16 SMC keys
7:207  0:015  === [ AddCustomEntries ] ==================================
7:599  0:392  Custom entry 0 FullTitle:"MacOSUUID" Path:"\System\Library\CoreServices\boot.efi" Type:1 Flags:0x2 matching Volume:"HD(2,GPT,D5650163-9026-4393-B715-172786E3BB3E,0x12C800,0x1D099148)"
7:653  0:053      Checking volume "" (PciRoot(0x0)\Pci(0x17,0x0)\Sata(0x1,0xFFFF,0x0)\HD(1,MBR,0x5469DB8B,0x800,0x80000000)) ... skipped
7:674  0:021      Checking volume "" (PciRoot(0x0)\Pci(0x17,0x0)\Sata(0x1,0xFFFF,0x0)\HD(2,MBR,0x5469DB8B,0x80000800,0x68E06CC1)) ... skipped
7:696  0:021      Checking volume "EFI" (PciRoot(0x0)\Pci(0x17,0x0)\Sata(0x3,0xFFFF,0x0)\HD(1,GPT,1BA25D28-D568-4EDB-AF0B-217A75FC33DF,0x800,0x12C000)) ... skipped because volume is hidden
7:717  0:021      Checking volume "EFI" (PciRoot(0x0)\Pci(0x1D,0x0)\Pci(0x0,0x0)\NVMe(0x1,E8-C1-B2-81-52-38-25-00)\HD(1,GPT,23A07524-26B6-11E9-9E7D-806E6F6E6963,0x28,0x25A7D8)) ... skipped because volume is hidden
7:739  0:021      Checking volume "" (PciRoot(0x0)\Pci(0x1D,0x0)\Pci(0x0,0x0)\NVMe(0x1,E8-C1-B2-81-52-38-25-00)\HD(2,GPT,23A07515-26B6-11E9-9E7D-806E6F6E6963,0x25A800,0x1CF69D81)) ... skipped because volume is hidden
7:760  0:021      Checking volume "Preboot" (PciRoot(0x0)\Pci(0x17,0x0)\Sata(0x3,0xFFFF,0x0)\HD(2,GPT,D5650163-9026-4393-B715-172786E3BB3E,0x12C800,0x1D099148)\VenMedia(BE74FCF7-0B7C-49F3-9147-01F4042E6842,4FFF79633F698D4B9F28062E01A5759D)) ... skipped because path does not exist
7:783  0:023      Checking volume "MacOS" (PciRoot(0x0)\Pci(0x17,0x0)\Sata(0x3,0xFFFF,0x0)\HD(2,GPT,D5650163-9026-4393-B715-172786E3BB3E,0x12C800,0x1D099148)\VenMedia(BE74FCF7-0B7C-49F3-9147-01F4042E6842,520DD9DBDDDD453D9D9330F5AEC53D28)) ... match!
7:911  0:127      Check if volume Is Hibernated:
7:922  0:011      Check sleep image 'by signature':
8:013  0:091      read prefs \Library\Preferences\com.apple.PowerManagement.plist status=Success
8:024  0:011      using default sleep image name = \private\var\vm\sleepimage
8:072  0:048      sleepimage not found -> Not Found
8:083  0:010      hibernated: no - sign
8:102  0:018  Custom settings: <null string>.plist will  be applied
8:114  0:012      Checking volume "Recovery" (PciRoot(0x0)\Pci(0x17,0x0)\Sata(0x3,0xFFFF,0x0)\HD(2,GPT,D5650163-9026-4393-B715-172786E3BB3E,0x12C800,0x1D099148)\VenMedia(BE74FCF7-0B7C-49F3-9147-01F4042E6842,72384583AB5DA544AC97156AD7F88CA6)) ... skipped because path does not exist
8:137  0:023      Checking volume "VM" (PciRoot(0x0)\Pci(0x17,0x0)\Sata(0x3,0xFFFF,0x0)\HD(2,GPT,D5650163-9026-4393-B715-172786E3BB3E,0x12C800,0x1D099148)\VenMedia(BE74FCF7-0B7C-49F3-9147-01F4042E6842,08A7A7F60F6ED14F9FD94D006BCB6143)) ... skipped because path does not exist
8:158  0:021  Custom entry 1 FullTitle:"Win10" Path:"\EFI\Microsoft\Boot\bootmgfw.efi" Options:"-s -h" Type:7 Flags:0x0 matching Volume:"HD(1,GPT,23A07524-26B6-11E9-9E7D-806E6F6E6963,0x28,0x25A7D8)"
8:222  0:063      Checking volume "" (PciRoot(0x0)\Pci(0x17,0x0)\Sata(0x1,0xFFFF,0x0)\HD(1,MBR,0x5469DB8B,0x800,0x80000000)) ... skipped
8:243  0:021      Checking volume "" (PciRoot(0x0)\Pci(0x17,0x0)\Sata(0x1,0xFFFF,0x0)\HD(2,MBR,0x5469DB8B,0x80000800,0x68E06CC1)) ... skipped
8:265  0:021      Checking volume "EFI" (PciRoot(0x0)\Pci(0x17,0x0)\Sata(0x3,0xFFFF,0x0)\HD(1,GPT,1BA25D28-D568-4EDB-AF0B-217A75FC33DF,0x800,0x12C000)) ... skipped because volume is hidden
8:286  0:021      Checking volume "EFI" (PciRoot(0x0)\Pci(0x1D,0x0)\Pci(0x0,0x0)\NVMe(0x1,E8-C1-B2-81-52-38-25-00)\HD(1,GPT,23A07524-26B6-11E9-9E7D-806E6F6E6963,0x28,0x25A7D8)) ... skipped because volume is hidden
8:308  0:021      Checking volume "" (PciRoot(0x0)\Pci(0x1D,0x0)\Pci(0x0,0x0)\NVMe(0x1,E8-C1-B2-81-52-38-25-00)\HD(2,GPT,23A07515-26B6-11E9-9E7D-806E6F6E6963,0x25A800,0x1CF69D81)) ... skipped because volume is hidden
8:329  0:021      Checking volume "Preboot" (PciRoot(0x0)\Pci(0x17,0x0)\Sata(0x3,0xFFFF,0x0)\HD(2,GPT,D5650163-9026-4393-B715-172786E3BB3E,0x12C800,0x1D099148)\VenMedia(BE74FCF7-0B7C-49F3-9147-01F4042E6842,4FFF79633F698D4B9F28062E01A5759D)) ... skipped
8:350  0:021      Checking volume "MacOS" (PciRoot(0x0)\Pci(0x17,0x0)\Sata(0x3,0xFFFF,0x0)\HD(2,GPT,D5650163-9026-4393-B715-172786E3BB3E,0x12C800,0x1D099148)\VenMedia(BE74FCF7-0B7C-49F3-9147-01F4042E6842,520DD9DBDDDD453D9D9330F5AEC53D28)) ... skipped
8:372  0:021      Checking volume "Recovery" (PciRoot(0x0)\Pci(0x17,0x0)\Sata(0x3,0xFFFF,0x0)\HD(2,GPT,D5650163-9026-4393-B715-172786E3BB3E,0x12C800,0x1D099148)\VenMedia(BE74FCF7-0B7C-49F3-9147-01F4042E6842,72384583AB5DA544AC97156AD7F88CA6)) ... skipped
8:393  0:021      Checking volume "VM" (PciRoot(0x0)\Pci(0x17,0x0)\Sata(0x3,0xFFFF,0x0)\HD(2,GPT,D5650163-9026-4393-B715-172786E3BB3E,0x12C800,0x1D099148)\VenMedia(BE74FCF7-0B7C-49F3-9147-01F4042E6842,08A7A7F60F6ED14F9FD94D006BCB6143)) ... skipped
8:416  0:022  Custom entry 2 FullTitle:"Win10.1" Path:"\EFI\Microsoft\Boot\bootmgfw.efi" Options:"-s -h" Type:7 Flags:0x0 matching Volume:"HD(2,GPT,23A07515-26B6-11E9-9E7D-806E6F6E6963,0x25A800,0x1CF69D81)"
8:480  0:063      Checking volume "" (PciRoot(0x0)\Pci(0x17,0x0)\Sata(0x1,0xFFFF,0x0)\HD(1,MBR,0x5469DB8B,0x800,0x80000000)) ... skipped
8:501  0:021      Checking volume "" (PciRoot(0x0)\Pci(0x17,0x0)\Sata(0x1,0xFFFF,0x0)\HD(2,MBR,0x5469DB8B,0x80000800,0x68E06CC1)) ... skipped
8:522  0:021      Checking volume "EFI" (PciRoot(0x0)\Pci(0x17,0x0)\Sata(0x3,0xFFFF,0x0)\HD(1,GPT,1BA25D28-D568-4EDB-AF0B-217A75FC33DF,0x800,0x12C000)) ... skipped because volume is hidden
8:544  0:021      Checking volume "EFI" (PciRoot(0x0)\Pci(0x1D,0x0)\Pci(0x0,0x0)\NVMe(0x1,E8-C1-B2-81-52-38-25-00)\HD(1,GPT,23A07524-26B6-11E9-9E7D-806E6F6E6963,0x28,0x25A7D8)) ... skipped because volume is hidden
8:565  0:021      Checking volume "" (PciRoot(0x0)\Pci(0x1D,0x0)\Pci(0x0,0x0)\NVMe(0x1,E8-C1-B2-81-52-38-25-00)\HD(2,GPT,23A07515-26B6-11E9-9E7D-806E6F6E6963,0x25A800,0x1CF69D81)) ... skipped because volume is hidden
8:586  0:021      Checking volume "Preboot" (PciRoot(0x0)\Pci(0x17,0x0)\Sata(0x3,0xFFFF,0x0)\HD(2,GPT,D5650163-9026-4393-B715-172786E3BB3E,0x12C800,0x1D099148)\VenMedia(BE74FCF7-0B7C-49F3-9147-01F4042E6842,4FFF79633F698D4B9F28062E01A5759D)) ... skipped
8:608  0:021      Checking volume "MacOS" (PciRoot(0x0)\Pci(0x17,0x0)\Sata(0x3,0xFFFF,0x0)\HD(2,GPT,D5650163-9026-4393-B715-172786E3BB3E,0x12C800,0x1D099148)\VenMedia(BE74FCF7-0B7C-49F3-9147-01F4042E6842,520DD9DBDDDD453D9D9330F5AEC53D28)) ... skipped
8:629  0:021      Checking volume "Recovery" (PciRoot(0x0)\Pci(0x17,0x0)\Sata(0x3,0xFFFF,0x0)\HD(2,GPT,D5650163-9026-4393-B715-172786E3BB3E,0x12C800,0x1D099148)\VenMedia(BE74FCF7-0B7C-49F3-9147-01F4042E6842,72384583AB5DA544AC97156AD7F88CA6)) ... skipped
8:650  0:021      Checking volume "VM" (PciRoot(0x0)\Pci(0x17,0x0)\Sata(0x3,0xFFFF,0x0)\HD(2,GPT,D5650163-9026-4393-B715-172786E3BB3E,0x12C800,0x1D099148)\VenMedia(BE74FCF7-0B7C-49F3-9147-01F4042E6842,08A7A7F60F6ED14F9FD94D006BCB6143)) ... skipped
8:672  0:021  Custom entry 3 FullTitle:"MacOSByName" Path:"\System\Library\CoreServices\boot.efi" Type:1 Flags:0x2 matching Volume:"MacOS"
8:726  0:054      Checking volume "" (PciRoot(0x0)\Pci(0x17,0x0)\Sata(0x1,0xFFFF,0x0)\HD(1,MBR,0x5469DB8B,0x800,0x80000000)) ... skipped
8:747  0:021      Checking volume "" (PciRoot(0x0)\Pci(0x17,0x0)\Sata(0x1,0xFFFF,0x0)\HD(2,MBR,0x5469DB8B,0x80000800,0x68E06CC1)) ... skipped
8:769  0:021      Checking volume "EFI" (PciRoot(0x0)\Pci(0x17,0x0)\Sata(0x3,0xFFFF,0x0)\HD(1,GPT,1BA25D28-D568-4EDB-AF0B-217A75FC33DF,0x800,0x12C000)) ... skipped because volume is hidden
8:791  0:021      Checking volume "EFI" (PciRoot(0x0)\Pci(0x1D,0x0)\Pci(0x0,0x0)\NVMe(0x1,E8-C1-B2-81-52-38-25-00)\HD(1,GPT,23A07524-26B6-11E9-9E7D-806E6F6E6963,0x28,0x25A7D8)) ... skipped because volume is hidden
8:812  0:021      Checking volume "" (PciRoot(0x0)\Pci(0x1D,0x0)\Pci(0x0,0x0)\NVMe(0x1,E8-C1-B2-81-52-38-25-00)\HD(2,GPT,23A07515-26B6-11E9-9E7D-806E6F6E6963,0x25A800,0x1CF69D81)) ... skipped because volume is hidden
8:833  0:021      Checking volume "Preboot" (PciRoot(0x0)\Pci(0x17,0x0)\Sata(0x3,0xFFFF,0x0)\HD(2,GPT,D5650163-9026-4393-B715-172786E3BB3E,0x12C800,0x1D099148)\VenMedia(BE74FCF7-0B7C-49F3-9147-01F4042E6842,4FFF79633F698D4B9F28062E01A5759D)) ... skipped
8:855  0:021      Checking volume "MacOS" (PciRoot(0x0)\Pci(0x17,0x0)\Sata(0x3,0xFFFF,0x0)\HD(2,GPT,D5650163-9026-4393-B715-172786E3BB3E,0x12C800,0x1D099148)\VenMedia(BE74FCF7-0B7C-49F3-9147-01F4042E6842,520DD9DBDDDD453D9D9330F5AEC53D28)) ... match!
8:946  0:091      Check if volume Is Hibernated:
8:957  0:010      Check sleep image 'by signature':
9:021  0:064      read prefs \Library\Preferences\com.apple.PowerManagement.plist status=Success
9:032  0:010      using default sleep image name = \private\var\vm\sleepimage
9:063  0:030      sleepimage not found -> Not Found
9:073  0:010      hibernated: no - sign
9:087  0:013  Custom settings: <null string>.plist will  be applied
9:100  0:012      Checking volume "Recovery" (PciRoot(0x0)\Pci(0x17,0x0)\Sata(0x3,0xFFFF,0x0)\HD(2,GPT,D5650163-9026-4393-B715-172786E3BB3E,0x12C800,0x1D099148)\VenMedia(BE74FCF7-0B7C-49F3-9147-01F4042E6842,72384583AB5DA544AC97156AD7F88CA6)) ... skipped
9:121  0:021      Checking volume "VM" (PciRoot(0x0)\Pci(0x17,0x0)\Sata(0x3,0xFFFF,0x0)\HD(2,GPT,D5650163-9026-4393-B715-172786E3BB3E,0x12C800,0x1D099148)\VenMedia(BE74FCF7-0B7C-49F3-9147-01F4042E6842,08A7A7F60F6ED14F9FD94D006BCB6143)) ... skipped
9:142  0:021  === [ ScanLoader ] ========================================
9:592  0:449  - [03]: ''
9:613  0:021  - [04]: ''
9:635  0:021  - [05]: 'EFI', hidden
9:656  0:021  - [08]: 'EFI', hidden
9:677  0:021  - [09]: '', hidden
9:698  0:021  - [10]: 'Preboot'
9:745  0:046          AddLoaderEntry for Volume Name=Preboot
9:783  0:037      Check if volume Is Hibernated:
9:794  0:010      Check sleep image 'by signature':
9:807  0:013      using default sleep image name = \private\var\vm\sleepimage
9:819  0:011      sleepimage not found -> Not Found
9:830  0:010      hibernated: no - sign
9:855  0:025          AddLoaderEntry for Volume Name=Preboot
9:920  0:064  - [11]: 'MacOS'
10:155  0:235          AddLoaderEntry for Volume Name=MacOS
10:165  0:010       skipped because path `PciRoot(0x0)\Pci(0x17,0x0)\Sata(0x3,0xFFFF,0x0)\HD(2,GPT,D5650163-9026-4393-B715-172786E3BB3E,0x12C800,0x1D099148)\VenMedia(BE74FCF7-0B7C-49F3-9147-01F4042E6842,520DD9DBDDDD453D9D9330F5AEC53D28)\System\Library\CoreServices\boot.efii` already exists for another entry!
10:202  0:037  - [12]: 'Recovery'
10:244  0:041          AddLoaderEntry for Volume Name=Recovery
10:296  0:051  - [13]: 'VM'
10:317  0:021  === [ AddCustomTool ] =====================================
10:741  0:423  found tool \EFI\CLOVER\tools\Shell64U.efi
10:751  0:010  Checking EFI partition Volume 5 for Clover
10:765  0:013   Found Clover
10:788  0:022  === [ GetEfiBootDeviceFromNvram ] =========================
11:081  0:292   - found entry 0. 'MacOSUUID', Volume 'MacOS', DevicePath 'PciRoot(0x0)\Pci(0x17,0x0)\Sata(0x3,0xFFFF,0x0)\HD(2,GPT,D5650163-9026-4393-B715-172786E3BB3E,0x12C800,0x1D099148)\VenMedia(BE74FCF7-0B7C-49F3-9147-01F4042E6842,520DD9DBDDDD453D9D9330F5AEC53D28)\System\Library\CoreServices\boot.efii'
11:094  0:013  DefaultIndex=0 and MainMenu.EntryCount=11
11:263  0:169  GUI ready
44:003  32:740  Boot option Boot0000 not found
44:015  0:011  === [ StartLoader ] =======================================
44:455  0:439  Finally: ExternalClock=25MHz BusSpeed=99906kHz CPUFreq=3697MHz PIS: hw.busfrequency=100000000Hz
44:477  0:021  Loading boot.efi  status=Success
44:612  0:135  GetOSVersion: 10.14.3 (18D42)
44:634  0:021  CSR_CFG: CSR_ALLOW_UNTRUSTED_KEXTS | CSR_ALLOW_UNRESTRICTED_FS
44:644  0:010  Filtering KextPatches:
44:655  0:010   - [00]: AppleAHCIPort (External icons patch) :: BinPatch :: [OS: 10.14.3 | MatchOS: All | MatchBuild: All] ==> allowed
44:676  0:021   - [01]: com.apple.driver.usb.AppleUSBXHCI (Remove USB port limit in XHCI kext) :: BinPatch :: [OS: 10.14.3 | MatchOS: 10.14.x | MatchBuild: All] ==> allowed
44:698  0:021   - [02]: com.apple.driver.usb.AppleUSBXHCI (Remove USB port limit in XHCI kext) :: BinPatch :: [OS: 10.14.3 | MatchOS: 10.14.x | MatchBuild: All] ==> allowed
44:719  0:021   - [03]: com.apple.driver.usb.AppleUSBXHCI (Remove USB port limit in XHCI kext) :: BinPatch :: [OS: 10.14.3 | MatchOS: 10.14.x | MatchBuild: All] ==> allowed
44:741  0:021  Will not patch boot.efi
44:751  0:010  === [ PatchSmbios ] =======================================
45:194  0:442  insert table 9 for dev 1F:6
45:206  0:011  Channels: 2
45:216  0:010  Interleave: 0 2 1 3 4 6 5 7 8 10 9 11 12 14 13 15 16 18 17 19 20 22 21 23
45:495  0:278  SMBIOS Type 17 Index = 0 => 0 0:
45:506  0:010  BANK 0 DIMM0 EMPTY
45:517  0:010  SMBIOS Type 17 Index = 1 => 2 2:
45:527  0:010  BANK 1 DIMM0 EMPTY
45:538  0:010  SMBIOS Type 17 Index = 2 => 1 1:
45:549  0:010  BANK 0 DIMM1 2400MHz 8192MB
45:559  0:010  SMBIOS Type 17 Index = 3 => 3 3:
45:570  0:010  BANK 1 DIMM1 2400MHz 8192MB
45:580  0:010  mTotalSystemMemory = 16384
45:591  0:010  NumberOfMemoryDevices = 4
45:602  0:010  Type20[0]->End = 0x7FFFFF, Type17[2] = 0x2000
45:613  0:010  Type20[1]->End = 0xFFFFFF, Type17[3] = 0x6000
45:623  0:010  Table 131 is present, CPUType=35
45:634  0:010  Change to: 705
45:645  0:010  === [ PatchACPI ] =========================================
46:105  0:460  Xsdt reallocation done
46:116  0:010  old FADT length=114
46:127  0:010   SignatureFixup: 0x6544045D -> 0x0
46:141  0:014  Apply DsdtFixMask=0x00009051
46:152  0:010     drop _DSM mask=0xFFFF
46:163  0:010  === [ FixBiosDsdt ] =======================================
46:606  0:442  VideoCard devID=0x3E928086
46:619  0:013  DisplayADR1[0] = 0x20000, DisplayADR2[0] = 0xFFFE
46:629  0:010  USBADR[0] = 0x140000 and PCIe = 0xFFFE
46:640  0:010  USBADR[1] = 0x1C0004 and PCIe = 0x0
46:651  0:010  Audio HDA (addr:0x1F0003) setting specified layout-id=2 (0x2)
46:661  0:010  Patching DSDT:
46:672  0:010   - [Rename HDAS to HDEF]: pattern 48444153, patched at: [ (306) (12) (12) (C0B0) (16CA) (84) (D) (2B) (32) (66) (A5) (C3) (1288D) (15FB) ]
46:863  0:191    0 replacements
46:874  0:010  first CPU found at ADB2 offset ADB5
46:885  0:010  score candidate at ADAE
46:896  0:010  score inserted in acpi_cpu_score _PR_
46:906  0:010  Found ACPI CPU: PR00 | PR01 | PR02 | PR03 | PR04 | PR05 | PR06 | PR07 | PR08 | PR09 | PR10 | PR11 | PR12 | PR13 | PR14 | PR15 , within the score: _PR_
47:090  0:183  Start PIC Fix
47:101  0:011  PIC size=A5 at 2BD26
47:111  0:010  found CRS at 2BD3A size 8D
47:122  0:010  found PIC had IRQNoFlag will move -3 bytes
47:133  0:010  Fix Device PIC size -3
47:144  0:010  Start HPET Fix
47:155  0:011  patch HDEF in DSDT 
47:166  0:010  Start HDA Fix
47:177  0:010  found HDA device NAME(_ADR,0x001F0003) And Name is HDEF
47:188  0:010  NewName HDEF already present, renaming impossible
47:198  0:010  _DSM in HDA already exists, dropped
47:209  0:010  Start USB Fix
47:220  0:011  USB bridge[140000] at CEF9, size = 750
47:230  0:010  _DSM in USB already exists, dropped by 0xFFFFFF0B
47:241  0:010  USB bridge[1C0004] at 746F, size = 51A
47:252  0:010  found USB device [001C0004:0] at 7767 and Name was PXSX -> XHC1
47:274  0:021  Name PXSX present at 0x2F8, renaming to XHC1
47:284  0:010  Name PXSX present at 0x37E, renaming to XHC1
47:295  0:010  Name PXSX present at 0x3B9, renaming to XHC1
47:306  0:010  PreCleanup XSDT: count=21, length=204
47:316  0:010  PreCleanup XSDT, corrected XSDT: count=21, length=204
47:327  0:010  === [ ACPIDropTables ] ====================================
47:734  0:407  0. [Rename HDAS to HDEF]: pattern 48444153, bin not found / already patched!
47:766  0:032    0 replacements
47:777  0:010  0. [Rename HDAS to HDEF]: pattern 48444153, bin not found / already patched!
47:809  0:032    0 replacements
47:820  0:010  Found OperationRegion(SANV, SystemMemory, 8E393418, ...)
47:831  0:010  0. [Rename HDAS to HDEF]: pattern 48444153, bin not found / already patched!
47:862  0:031    0 replacements
47:873  0:011  0. [Rename HDAS to HDEF]: pattern 48444153, bin not found / already patched!
47:905  0:031    0 replacements
47:916  0:010  0. [Rename HDAS to HDEF]: pattern 48444153, bin not found / already patched!
47:948  0:031    0 replacements
47:959  0:010  Found OperationRegion(PNVS, SystemMemory, 84322000, ...)
47:969  0:010  0. [Rename HDAS to HDEF]: pattern 48444153, patched at: [ (20) (48) ]
48:033  0:064    0 replacements
48:044  0:010  0. [Rename HDAS to HDEF]: pattern 48444153, bin not found / already patched!
48:076  0:031    0 replacements
48:086  0:010  0. [Rename HDAS to HDEF]: pattern 48444153, bin not found / already patched!
48:118  0:032    0 replacements
48:129  0:010  0. [Rename HDAS to HDEF]: pattern 48444153, bin not found / already patched!
48:161  0:032    0 replacements
48:172  0:010  CPUBase=0 and ApicCPUBase=1 ApicCPUNum=1
48:182  0:010  Cleanup XSDT: count=21, length=204
48:193  0:010  corrected XSDT count=21, length=204
48:204  0:010  === [ RestSetup macOS ] ===================================
48:601  0:397  Intel UHD Graphics 630 [8086:3E92] :: PciRoot(0x0)\Pci(0x2,0x0)
48:612  0:010    Found Full HD Display - 16:9 :: Width=1920 Height=1080
48:622  0:010    Beginning DualLink auto-detection
48:633  0:010    High Resolution Display
48:644  0:010    AAPL00,DualLink = 1
48:654  0:010    FakeID Intel GFX: not set
48:665  0:010    ig-platform-id = 0x3E9B0007
48:676  0:010    Beginning Intel GFX auto-detection with ACPI injection
48:686  0:010    Found FakeID Intel GFX = 0x3E928086
48:697  0:011  Intel GFX revision  = 0x0
48:708  0:010   RCBA disabled; cannot use it
48:719  0:010   setting specified layout-id=2 (0x2)
48:730  0:010  stringlength = 2184
48:741  0:010  CurrentMode: Width=1920 Height=1080
48:751  0:010  Beginning FSInjection
FSInjectionInstall ...
- Our FSI_SIMPLE_FILE_SYSTEM_PROTOCOL installed on handle: 884F3818
FSInjectionInstall ...
- Our FSI_SIMPLE_FILE_SYSTEM_PROTOCOL installed on handle: 884F3818
48:779  0:027  Use origin smbios table type 1 guid.
48:814  0:034  Preparing kexts injection for arch=x86_64 from EFI\CLOVER\kexts\Other
48:824  0:010  Extra kext: EFI\CLOVER\kexts\Other\FakeSMC.kext (v.1800)
48:842  0:018  Preparing kexts injection for arch=x86_64 from EFI\CLOVER\kexts\10.14
48:857  0:014  SetScreenResolution: 1920x1080 - already set
48:878  0:021  Custom boot is disabled
48:893  0:014  Closing log
